2022-12-14 22:32:02,966 INFO  [Log] **************************************************** 
2022-12-14 22:32:02,966 INFO  [Log] **************************************************** 
2022-12-14 22:32:02,969 INFO  [Log] ************   My first test case is Login test **************** 
2022-12-14 22:32:02,969 INFO  [Log] **************************************************** 
2022-12-14 22:32:02,969 INFO  [Log] **************************************************** 
2022-12-14 22:32:02,969 INFO  [Log] My login test is going on 
2022-12-14 22:32:02,969 INFO  [Log] My test case might be failed 
2022-12-14 22:32:04,888 INFO  [Log] My test case is about to complete 
2022-12-14 22:32:04,888 INFO  [Log] #################################################### 
2022-12-14 22:32:04,888 INFO  [Log] #################################################### 
2022-12-14 22:32:04,889 INFO  [Log] ############   This is my login test again ################ 
2022-12-14 22:32:04,889 INFO  [Log] #################################################### 
2022-12-14 22:32:04,889 INFO  [Log] #################################################### 
2023-01-11 14:15:45,005 INFO  [Log] **************************************************** 
2023-01-11 14:15:45,006 INFO  [Log] **************************************************** 
2023-01-11 14:15:45,008 INFO  [Log] ************   My first test case is Login test **************** 
2023-01-11 14:15:45,008 INFO  [Log] **************************************************** 
2023-01-11 14:15:45,008 INFO  [Log] **************************************************** 
2023-01-11 14:15:45,008 INFO  [Log] My login test is going on 
2023-01-11 14:15:45,008 INFO  [Log] My test case might be failed 
2023-01-11 14:15:51,404 INFO  [Log] My test case is about to complete 
2023-01-11 14:15:51,404 INFO  [Log] #################################################### 
2023-01-11 14:15:51,404 INFO  [Log] #################################################### 
2023-01-11 14:15:51,404 INFO  [Log] ############   This is my login test again ################ 
2023-01-11 14:15:51,404 INFO  [Log] #################################################### 
2023-01-11 14:15:51,404 INFO  [Log] #################################################### 
2023-01-11 14:15:54,069 INFO  [Log] **************************************************** 
2023-01-11 14:15:54,069 INFO  [Log] **************************************************** 
2023-01-11 14:15:54,069 INFO  [Log] ************   My first test case is Login test **************** 
2023-01-11 14:15:54,069 INFO  [Log] **************************************************** 
2023-01-11 14:15:54,069 INFO  [Log] **************************************************** 
2023-01-11 14:15:54,069 INFO  [Log] My login test is going on 
2023-01-11 14:15:54,069 INFO  [Log] My test case might be failed 
2023-01-11 14:15:59,985 INFO  [Log] My test case is about to complete 
2023-01-11 14:15:59,985 INFO  [Log] #################################################### 
2023-01-11 14:15:59,985 INFO  [Log] #################################################### 
2023-01-11 14:15:59,985 INFO  [Log] ############   This is my login test again ################ 
2023-01-11 14:15:59,985 INFO  [Log] #################################################### 
2023-01-11 14:15:59,985 INFO  [Log] #################################################### 
2023-01-11 14:16:02,671 INFO  [Log] **************************************************** 
2023-01-11 14:16:02,671 INFO  [Log] **************************************************** 
2023-01-11 14:16:02,671 INFO  [Log] ************   My first test case is Login test **************** 
2023-01-11 14:16:02,671 INFO  [Log] **************************************************** 
2023-01-11 14:16:02,671 INFO  [Log] **************************************************** 
2023-01-11 14:16:02,671 INFO  [Log] My login test is going on 
2023-01-11 14:16:02,671 INFO  [Log] My test case might be failed 
2023-01-11 14:16:04,632 INFO  [Log] My test case is about to complete 
2023-01-11 14:16:04,632 INFO  [Log] #################################################### 
2023-01-11 14:16:04,632 INFO  [Log] #################################################### 
2023-01-11 14:16:04,632 INFO  [Log] ############   This is my login test again ################ 
2023-01-11 14:16:04,632 INFO  [Log] #################################################### 
2023-01-11 14:16:04,632 INFO  [Log] #################################################### 
2023-01-11 14:16:07,228 INFO  [Log] **************************************************** 
2023-01-11 14:16:07,228 INFO  [Log] **************************************************** 
2023-01-11 14:16:07,228 INFO  [Log] ************   My first test case is Login test **************** 
2023-01-11 14:16:07,228 INFO  [Log] **************************************************** 
2023-01-11 14:16:07,228 INFO  [Log] **************************************************** 
2023-01-11 14:16:07,228 INFO  [Log] My login test is going on 
2023-01-11 14:16:07,228 INFO  [Log] My test case might be failed 
2023-01-11 14:16:09,215 INFO  [Log] My test case is about to complete 
2023-01-11 14:16:09,215 INFO  [Log] #################################################### 
2023-01-11 14:16:09,215 INFO  [Log] #################################################### 
2023-01-11 14:16:09,216 INFO  [Log] ############   This is my login test again ################ 
2023-01-11 14:16:09,216 INFO  [Log] #################################################### 
2023-01-11 14:16:09,216 INFO  [Log] #################################################### 
2023-01-11 14:16:11,596 INFO  [Log] **************************************************** 
2023-01-11 14:16:11,596 INFO  [Log] **************************************************** 
2023-01-11 14:16:11,596 INFO  [Log] ************   My first test case is Login test **************** 
2023-01-11 14:16:11,596 INFO  [Log] **************************************************** 
2023-01-11 14:16:11,596 INFO  [Log] **************************************************** 
2023-01-11 14:16:11,596 INFO  [Log] My login test is going on 
2023-01-11 14:16:11,596 INFO  [Log] My test case might be failed 
2023-01-11 14:16:13,180 INFO  [Log] My test case is about to complete 
2023-01-11 14:16:13,180 INFO  [Log] #################################################### 
2023-01-11 14:16:13,180 INFO  [Log] #################################################### 
2023-01-11 14:16:13,180 INFO  [Log] ############   This is my login test again ################ 
2023-01-11 14:16:13,180 INFO  [Log] #################################################### 
2023-01-11 14:16:13,180 INFO  [Log] #################################################### 
2023-01-11 14:18:34,707 INFO  [Log] **************************************************** 
2023-01-11 14:18:34,708 INFO  [Log] **************************************************** 
2023-01-11 14:18:34,710 INFO  [Log] ************   My first test case is Login test **************** 
2023-01-11 14:18:34,710 INFO  [Log] **************************************************** 
2023-01-11 14:18:34,710 INFO  [Log] **************************************************** 
2023-01-11 14:18:34,710 INFO  [Log] My login test is going on 
2023-01-11 14:18:34,710 INFO  [Log] My test case might be failed 
2023-01-11 14:18:40,823 INFO  [Log] My test case is about to complete 
2023-01-11 14:18:40,823 INFO  [Log] #################################################### 
2023-01-11 14:18:40,823 INFO  [Log] #################################################### 
2023-01-11 14:18:40,823 INFO  [Log] ############   This is my login test again ################ 
2023-01-11 14:18:40,823 INFO  [Log] #################################################### 
2023-01-11 14:18:40,823 INFO  [Log] #################################################### 
2023-01-19 14:23:13,187 INFO  [Log] **************************************************** 
2023-01-19 14:23:13,188 INFO  [Log] **************************************************** 
2023-01-19 14:23:13,191 INFO  [Log] ************   My first test case is Login test **************** 
2023-01-19 14:23:13,191 INFO  [Log] **************************************************** 
2023-01-19 14:23:13,191 INFO  [Log] **************************************************** 
2023-01-19 14:23:13,191 INFO  [Log] My login test is going on 
2023-01-19 14:23:13,191 INFO  [Log] My test case might be failed 
2023-01-19 14:23:21,211 INFO  [Log] My test case is about to complete 
2023-01-19 14:23:21,212 INFO  [Log] #################################################### 
2023-01-19 14:23:21,212 INFO  [Log] #################################################### 
2023-01-19 14:23:21,212 INFO  [Log] ############   This is my login test again ################ 
2023-01-19 14:23:21,212 INFO  [Log] #################################################### 
2023-01-19 14:23:21,212 INFO  [Log] #################################################### 
2023-01-19 14:23:24,113 INFO  [Log] **************************************************** 
2023-01-19 14:23:24,114 INFO  [Log] **************************************************** 
2023-01-19 14:23:24,114 INFO  [Log] ************   My first test case is Login test **************** 
2023-01-19 14:23:24,114 INFO  [Log] **************************************************** 
2023-01-19 14:23:24,114 INFO  [Log] **************************************************** 
2023-01-19 14:23:24,114 INFO  [Log] My login test is going on 
2023-01-19 14:23:24,114 INFO  [Log] My test case might be failed 
2023-01-19 14:23:32,051 INFO  [Log] My test case is about to complete 
2023-01-19 14:23:32,051 INFO  [Log] #################################################### 
2023-01-19 14:23:32,051 INFO  [Log] #################################################### 
2023-01-19 14:23:32,051 INFO  [Log] ############   This is my login test again ################ 
2023-01-19 14:23:32,051 INFO  [Log] #################################################### 
2023-01-19 14:23:32,051 INFO  [Log] #################################################### 
2023-01-19 14:23:35,020 INFO  [Log] **************************************************** 
2023-01-19 14:23:35,020 INFO  [Log] **************************************************** 
2023-01-19 14:23:35,020 INFO  [Log] ************   My first test case is Login test **************** 
2023-01-19 14:23:35,020 INFO  [Log] **************************************************** 
2023-01-19 14:23:35,020 INFO  [Log] **************************************************** 
2023-01-19 14:23:35,020 INFO  [Log] My login test is going on 
2023-01-19 14:23:35,020 INFO  [Log] My test case might be failed 
2023-01-19 14:23:37,956 INFO  [Log] My test case is about to complete 
2023-01-19 14:23:37,956 INFO  [Log] #################################################### 
2023-01-19 14:23:37,956 INFO  [Log] #################################################### 
2023-01-19 14:23:37,956 INFO  [Log] ############   This is my login test again ################ 
2023-01-19 14:23:37,956 INFO  [Log] #################################################### 
2023-01-19 14:23:37,956 INFO  [Log] #################################################### 
2023-01-19 14:23:40,750 INFO  [Log] **************************************************** 
2023-01-19 14:23:40,753 INFO  [Log] **************************************************** 
2023-01-19 14:23:40,753 INFO  [Log] ************   My first test case is Login test **************** 
2023-01-19 14:23:40,753 INFO  [Log] **************************************************** 
2023-01-19 14:23:40,753 INFO  [Log] **************************************************** 
2023-01-19 14:23:40,753 INFO  [Log] My login test is going on 
2023-01-19 14:23:40,753 INFO  [Log] My test case might be failed 
2023-01-19 14:23:43,438 INFO  [Log] My test case is about to complete 
2023-01-19 14:23:43,438 INFO  [Log] #################################################### 
2023-01-19 14:23:43,438 INFO  [Log] #################################################### 
2023-01-19 14:23:43,439 INFO  [Log] ############   This is my login test again ################ 
2023-01-19 14:23:43,439 INFO  [Log] #################################################### 
2023-01-19 14:23:43,439 INFO  [Log] #################################################### 
2023-01-19 14:23:46,339 INFO  [Log] **************************************************** 
2023-01-19 14:23:46,339 INFO  [Log] **************************************************** 
2023-01-19 14:23:46,339 INFO  [Log] ************   My first test case is Login test **************** 
2023-01-19 14:23:46,339 INFO  [Log] **************************************************** 
2023-01-19 14:23:46,339 INFO  [Log] **************************************************** 
2023-01-19 14:23:46,339 INFO  [Log] My login test is going on 
2023-01-19 14:23:46,339 INFO  [Log] My test case might be failed 
2023-01-19 14:23:48,465 INFO  [Log] My test case is about to complete 
2023-01-19 14:23:48,465 INFO  [Log] #################################################### 
2023-01-19 14:23:48,465 INFO  [Log] #################################################### 
2023-01-19 14:23:48,466 INFO  [Log] ############   This is my login test again ################ 
2023-01-19 14:23:48,466 INFO  [Log] #################################################### 
2023-01-19 14:23:48,466 INFO  [Log] #################################################### 
2023-01-28 09:57:55,186 INFO  [Log] **************************************************** 
2023-01-28 09:57:55,186 INFO  [Log] **************************************************** 
2023-01-28 09:57:55,188 INFO  [Log] ************   My first test case is Login test **************** 
2023-01-28 09:57:55,188 INFO  [Log] **************************************************** 
2023-01-28 09:57:55,188 INFO  [Log] **************************************************** 
2023-01-28 09:57:55,188 INFO  [Log] My login test is going on 
2023-01-28 09:57:55,188 INFO  [Log] My test case might be failed 
2023-01-28 09:58:01,804 INFO  [Log] My test case is about to complete 
2023-01-28 09:58:01,804 INFO  [Log] #################################################### 
2023-01-28 09:58:01,804 INFO  [Log] #################################################### 
2023-01-28 09:58:01,804 INFO  [Log] ############   This is my login test again ################ 
2023-01-28 09:58:01,804 INFO  [Log] #################################################### 
2023-01-28 09:58:01,804 INFO  [Log] #################################################### 
2023-01-28 11:15:36,927 INFO  [Log] **************************************************** 
2023-01-28 11:15:36,927 INFO  [Log] **************************************************** 
2023-01-28 11:15:36,930 INFO  [Log] ************   My first test case is Login test **************** 
2023-01-28 11:15:36,930 INFO  [Log] **************************************************** 
2023-01-28 11:15:36,930 INFO  [Log] **************************************************** 
2023-01-28 11:15:36,930 INFO  [Log] My login test is going on 
2023-01-28 11:15:36,930 INFO  [Log] My test case might be failed 
2023-01-28 11:15:43,284 INFO  [Log] My test case is about to complete 
2023-01-28 11:15:43,284 INFO  [Log] #################################################### 
2023-01-28 11:15:43,284 INFO  [Log] #################################################### 
2023-01-28 11:15:43,285 INFO  [Log] ############   This is my login test again ################ 
2023-01-28 11:15:43,285 INFO  [Log] #################################################### 
2023-01-28 11:15:43,285 INFO  [Log] #################################################### 
2023-01-30 15:52:24,978 INFO  [Log] **************************************************** 
2023-01-30 15:52:24,978 INFO  [Log] **************************************************** 
2023-01-30 15:52:24,980 INFO  [Log] ************   My first test case is Login test **************** 
2023-01-30 15:52:24,980 INFO  [Log] **************************************************** 
2023-01-30 15:52:24,980 INFO  [Log] **************************************************** 
2023-01-30 15:52:24,980 INFO  [Log] My login test is going on 
2023-01-30 15:52:24,980 INFO  [Log] My test case might be failed 
2023-01-30 15:52:26,946 INFO  [Log] My test case is about to complete 
2023-01-30 15:52:26,946 INFO  [Log] #################################################### 
2023-01-30 15:52:26,946 INFO  [Log] #################################################### 
2023-01-30 15:52:26,946 INFO  [Log] ############   This is my login test again ################ 
2023-01-30 15:52:26,946 INFO  [Log] #################################################### 
2023-01-30 15:52:26,946 INFO  [Log] #################################################### 
2023-02-04 12:19:26,148 INFO  [Log] **************************************************** 
2023-02-04 12:19:26,149 INFO  [Log] **************************************************** 
2023-02-04 12:19:26,151 INFO  [Log] ************   My first test case is Login test **************** 
2023-02-04 12:19:26,151 INFO  [Log] **************************************************** 
2023-02-04 12:19:26,151 INFO  [Log] **************************************************** 
2023-02-04 12:19:26,151 INFO  [Log] My login test is going on 
2023-02-04 12:19:26,151 INFO  [Log] My test case might be failed 
2023-02-04 12:19:36,543 INFO  [Log] My test case is about to complete 
2023-02-04 12:19:36,543 INFO  [Log] #################################################### 
2023-02-04 12:19:36,543 INFO  [Log] #################################################### 
2023-02-04 12:19:36,543 INFO  [Log] ############   This is my login test again ################ 
2023-02-04 12:19:36,543 INFO  [Log] #################################################### 
2023-02-04 12:19:36,543 INFO  [Log] #################################################### 
